<?xml version="1.0" encoding="UTF-8"?>
<testng-results skipped="0" failed="0" ignored="0" total="1" passed="1">
  <reporter-output>
  </reporter-output>
  <suite name="com.testng.tests.GoogleMainPageTest" duration-ms="12237" started-at="2019-12-02T04:36:03Z" finished-at="2019-12-02T04:36:15Z">
    <groups>
    </groups>
    <test name="Command line test" duration-ms="12237" started-at="2019-12-02T04:36:03Z" finished-at="2019-12-02T04:36:15Z">
      <class name="com.testng.tests.GoogleMainPageTest">
        <test-method status="PASS" signature="setUp()[pri:0, instance:com.testng.tests.GoogleMainPageTest@146044d7]" name="setUp" is-config="true" duration-ms="11981" started-at="2019-12-02T04:36:03Z" finished-at="2019-12-02T04:36:15Z">
          <reporter-output>
          </reporter-output>
        </test-method> <!-- setUp -->
        <test-method status="PASS" signature="getTitle()[pri:0, instance:com.testng.tests.GoogleMainPageTest@146044d7]" name="getTitle" duration-ms="57" started-at="2019-12-02T04:36:15Z" finished-at="2019-12-02T04:36:15Z">
          <reporter-output>
          </reporter-output>
        </test-method> <!-- getTitle -->
        <test-method status="PASS" signature="tearDown()[pri:0, instance:com.testng.tests.GoogleMainPageTest@146044d7]" name="tearDown" is-config="true" duration-ms="83" started-at="2019-12-02T04:36:15Z" finished-at="2019-12-02T04:36:15Z">
          <reporter-output>
          </reporter-output>
        </test-method> <!-- tearDown -->
      </class> <!-- com.testng.tests.GoogleMainPageTest -->
    </test> <!-- Command line test -->
  </suite> <!-- com.testng.tests.GoogleMainPageTest -->
</testng-results>
