<?xml version="1.0" encoding="UTF-8"?>
<testng-results skipped="0" failed="0" ignored="0" total="1" passed="1">
  <reporter-output>
  </reporter-output>
  <suite name="Default suite" duration-ms="11884" started-at="2019-12-04T19:20:12Z" finished-at="2019-12-04T19:20:24Z">
    <groups>
    </groups>
    <test name="Default test" duration-ms="11884" started-at="2019-12-04T19:20:12Z" finished-at="2019-12-04T19:20:24Z">
      <class name="com.testng.tests.GoogleMainPageTest">
        <test-method status="PASS" signature="setUp()[pri:0, instance:com.testng.tests.GoogleMainPageTest@6193932a]" name="setUp" is-config="true" duration-ms="11216" started-at="2019-12-04T19:20:12Z" finished-at="2019-12-04T19:20:23Z">
          <reporter-output>
          </reporter-output>
        </test-method> <!-- setUp -->
        <test-method status="PASS" signature="getTitle()[pri:0, instance:com.testng.tests.GoogleMainPageTest@6193932a]" name="getTitle" duration-ms="425" started-at="2019-12-04T19:20:23Z" description="Google main page title" finished-at="2019-12-04T19:20:23Z">
          <reporter-output>
          </reporter-output>
        </test-method> <!-- getTitle -->
        <test-method status="PASS" signature="tearDown()[pri:0, instance:com.testng.tests.GoogleMainPageTest@6193932a]" name="tearDown" is-config="true" duration-ms="104" started-at="2019-12-04T19:20:23Z" finished-at="2019-12-04T19:20:24Z">
          <reporter-output>
          </reporter-output>
        </test-method> <!-- tearDown -->
      </class> <!-- com.testng.tests.GoogleMainPageTest -->
    </test> <!-- Default test -->
  </suite> <!-- Default suite -->
</testng-results>
